2025-07-22T19:30:20.942Z [INFO]: # Build environment configured with Standard build compute type: 8GiB Memory, 4vCPUs, 128GB Disk Space
2025-07-22T19:30:21.419Z [INFO]: # Cloning repository: git@github.com:dp-pcs/ChoreChart.git
2025-07-22T19:30:23.177Z [INFO]: 
2025-07-22T19:30:23.178Z [INFO]: Cloning into 'ChoreChart'...
2025-07-22T19:30:23.178Z [INFO]: # Switching to commit: cd02c44955e6087727dba9074649f2cf390469ac
2025-07-22T19:30:23.212Z [INFO]: Note: switching to 'cd02c44955e6087727dba9074649f2cf390469ac'.
                                 You are in 'detached HEAD' state. You can look around, make experimental
                                 changes and commit them, and you can discard any commits you make in this
                                 state without impacting any branches by switching back to a branch.
                                 If you want to create a new branch to retain commits you create, you may
                                 do so (now or later) by using -c with the switch command. Example:
                                 git switch -c <new-branch-name>
                                 Or undo this operation with:
                                 git switch -
                                 Turn off this advice by setting config variable advice.detachedHead to false
                                 HEAD is now at cd02c44 Fix auto-approve chores setting UX issues
2025-07-22T19:30:23.266Z [INFO]: Successfully cleaned up Git credentials
2025-07-22T19:30:23.266Z [INFO]: # Checking for Git submodules at: /codebuild/output/src697704362/src/ChoreChart/.gitmodules
2025-07-22T19:30:23.280Z [INFO]: # Retrieving environment cache...
2025-07-22T19:30:23.331Z [WARNING]: ! Unable to write cache: {"code":"ERR_BAD_REQUEST","message":"Request failed with status code 404"})}
2025-07-22T19:30:23.332Z [INFO]: ---- Setting Up SSM Secrets ----
2025-07-22T19:30:23.332Z [INFO]: SSM params {"Path":"/amplify/d11j0r1on0yka9/main/","WithDecryption":true}
2025-07-22T19:30:23.385Z [WARNING]: !Failed to set up process.env.secrets
2025-07-22T19:30:24.381Z [INFO]: # No package override configuration found.
2025-07-22T19:30:24.478Z [INFO]: # Retrieving cache...
2025-07-22T19:30:39.354Z [INFO]: # Extracting cache...
2025-07-22T19:30:49.748Z [INFO]: # Extraction completed
2025-07-22T19:30:49.931Z [INFO]: # Retrieved cache
2025-07-22T19:30:55.311Z [INFO]: ## Starting Backend Build
                                 ## Checking for associated backend environment...
                                 ## No backend environment association found, continuing...
                                 ## Completed Backend Build
2025-07-22T19:30:55.317Z [INFO]: {"backendDuration": 0}
                                 ## Starting Frontend Build
                                 # Starting phase: preBuild
                                 # Executing command: echo "Current directory:" && pwd && ls -la
                                 Current directory:
                                 /codebuild/output/src697704362/src/ChoreChart/web
                                 total 280
                                 drwxr-xr-x 6 amplify amplify    325 Jul 22 19:30 .
                                 drwxr-xr-x 8 amplify amplify   4096 Jul 22 19:30 ..
                                 -rw-r--r-- 1 amplify amplify    503 Jul 22 19:30 .gitignore
                                 -rw-r--r-- 1 amplify amplify    345 Jul 22 19:30 CHORBIT_SETUP.md
                                 -rw-r--r-- 1 amplify amplify   1450 Jul 22 19:30 README.md
                                 -rwxrwxrwx 1 amplify amplify   4077 Jul 22 19:30 amplify.sh
                                 -rw-r--r-- 1 amplify amplify    856 Jul 22 19:30 eslint.config.mjs
                                 -rw-r--r-- 1 amplify amplify    573 Jul 22 19:30 next.config.ts
                                 -rw-r--r-- 1 amplify amplify 231909 Jul 22 19:30 package-lock.json
                                 -rw-r--r-- 1 amplify amplify   1420 Jul 22 19:30 package.json
                                 -rw-r--r-- 1 amplify amplify     82 Jul 22 19:30 postcss.config.js
                                 drwxr-xr-x 3 amplify amplify     45 Jul 22 19:30 prisma
                                 -rw-r--r-- 1 amplify amplify   1367 Jul 22 19:30 prod-ca-2021.crt
                                 drwxr-xr-x 2 amplify amplify   4096 Jul 22 19:30 public
                                 drwxr-xr-x 2 amplify amplify    285 Jul 22 19:30 scripts
                                 drwxr-xr-x 6 amplify amplify     59 Jul 22 19:30 src
                                 -rw-r--r-- 1 amplify amplify   1751 Jul 22 19:30 tailwind.config.js
                                 -rw-r--r-- 1 amplify amplify    602 Jul 22 19:30 tsconfig.json
                                 # Executing command: echo "Installing dependencies for the web app..."
                                 Installing dependencies for the web app...
                                 # Executing command: npm ci
2025-07-22T19:31:41.538Z [INFO]: added 508 packages, and audited 510 packages in 42s
2025-07-22T19:31:41.544Z [INFO]: 170 packages are looking for funding
                                 run `npm fund` for details
                                 found 0 vulnerabilities
2025-07-22T19:31:41.564Z [INFO]: # Executing command: echo "Generating Prisma client..."
                                 Generating Prisma client...
2025-07-22T19:31:41.565Z [INFO]: # Executing command: npx prisma generate
2025-07-22T19:31:42.964Z [INFO]: Prisma schema loaded from prisma/schema.prisma
2025-07-22T19:31:43.551Z [INFO]: ‚úî Generated Prisma Client (v6.12.0) to ./src/generated/prisma in 202ms
                                 Start by importing your Prisma Client (See: https://pris.ly/d/importing-client)
                                 Tip: Want to turn off tips and other hints? https://pris.ly/tip-4-nohints
2025-07-22T19:31:43.571Z [INFO]: # Executing command: echo "Running database migrations..."
                                 Running database migrations...
2025-07-22T19:31:43.572Z [INFO]: # Executing command: npx prisma migrate resolve --applied "20250703035636_init_with_multiple_parents" || echo "Migration resolve failed, trying deploy..."
2025-07-22T19:31:45.017Z [INFO]: Prisma schema loaded from prisma/schema.prisma
2025-07-22T19:31:45.024Z [INFO]: Datasource "db": PostgreSQL database "postgres", schema "public" at "aws-0-us-east-2.pooler.supabase.com:5432"
2025-07-22T19:31:45.739Z [WARNING]: Error: P3008
                                    The migration `20250703035636_init_with_multiple_parents` is already recorded as applied in the database.
2025-07-22T19:31:45.755Z [INFO]: Migration resolve failed, trying deploy...
2025-07-22T19:31:45.755Z [INFO]: # Executing command: npx prisma migrate deploy || echo "Migration deploy failed, database may already be up to date"
2025-07-22T19:31:47.145Z [INFO]: Prisma schema loaded from prisma/schema.prisma
2025-07-22T19:31:47.151Z [INFO]: Datasource "db": PostgreSQL database "postgres", schema "public" at "aws-0-us-east-2.pooler.supabase.com:5432"
2025-07-22T19:31:47.368Z [INFO]: 
2025-07-22T19:31:47.369Z [INFO]: 2 migrations found in prisma/migrations
2025-07-22T19:31:47.624Z [INFO]: 
2025-07-22T19:31:47.624Z [INFO]: No pending migrations to apply.
2025-07-22T19:31:47.659Z [INFO]: # Executing command: echo "Updating database schema..."
                                 Updating database schema...
2025-07-22T19:31:47.660Z [INFO]: # Executing command: npx tsx scripts/update-database-schema.ts || echo "Schema update failed or not needed - continuing..."
2025-07-22T19:31:48.436Z [INFO]: üîÑ Updating database schema...
2025-07-22T19:31:48.442Z [INFO]: üìã Running database schema updates...
2025-07-22T19:31:48.687Z [INFO]: ‚úÖ Added column: allowMultipleParents
2025-07-22T19:31:48.766Z [INFO]: ‚úÖ Added column: shareReports
2025-07-22T19:31:48.845Z [INFO]: ‚úÖ Added column: crossFamilyApproval
2025-07-22T19:31:48.926Z [INFO]: ‚úÖ Added column: enableStreaks
2025-07-22T19:31:49.006Z [INFO]: ‚úÖ Added column: enableLeaderboard
2025-07-22T19:31:49.090Z [INFO]: ‚úÖ Added column: enableAchievements
2025-07-22T19:31:49.170Z [INFO]: ‚úÖ Added column: streakFreezeLimit
2025-07-22T19:31:49.253Z [INFO]: ‚úÖ Added column: resetToken
2025-07-22T19:31:49.336Z [INFO]: ‚úÖ Added column: resetTokenExpiry
2025-07-22T19:31:49.415Z [INFO]: ‚úÖ Created table: family_memberships
2025-07-22T19:31:49.495Z [INFO]: ‚úÖ Created index: family_memberships_userId_familyId_key
2025-07-22T19:31:49.496Z [INFO]: üéâ Database schema update completed!
                                 ‚úÖ Successfully applied: 11 changes
                                 ‚è≠Ô∏è  Skipped (already exists): 0 changes
                                 üîç Verifying schema updates...
2025-07-22T19:31:49.584Z [INFO]: üìä Family table new columns: [
                                 'allowMultipleParents',
                                 'crossFamilyApproval',
                                 'enableAchievements',
                                 'enableLeaderboard',
                                 'enableStreaks',
                                 'shareReports',
                                 'streakFreezeLimit'
                                 ]
2025-07-22T19:31:49.669Z [INFO]: üìä User table new columns: [ 'resetToken', 'resetTokenExpiry' ]
2025-07-22T19:31:49.750Z [INFO]: üìä Family memberships table: EXISTS
2025-07-22T19:31:49.835Z [INFO]: ‚ö†Ô∏è  Could not mark migration as applied (table may not exist)
2025-07-22T19:31:49.836Z [INFO]: üèóÔ∏è  Database is now ready for full application functionality!
                                 - Multiple family features are now available
                                 - Password reset functionality is enabled
                                 - All Prisma schema features are supported
2025-07-22T19:31:49.855Z [INFO]: # Executing command: echo "Seeding demo data..."
                                 Seeding demo data...
2025-07-22T19:31:49.856Z [INFO]: # Executing command: npx tsx scripts/seed-demo-users.ts || echo "Demo data already exists or seeding failed - continuing..."
2025-07-22T19:31:50.628Z [INFO]: üå± Seeding demo users...
2025-07-22T19:31:50.945Z [INFO]: ‚úÖ Created demo family: The Demo Family
2025-07-22T19:31:51.446Z [WARNING]: ‚ùå Error seeding demo users: PrismaClientKnownRequestError:
                                    Invalid `prisma.user.create()` invocation in
                                    /codebuild/output/src697704362/src/ChoreChart/web/scripts/seed-demo-users.ts:44:42
                                    41 const hashedPassword = await bcrypt.hash('password', 12)
                                    42
                                    43 // Create parent user
                                    ‚Üí 44 const parentUser = await prisma.user.create(
                                    Unique constraint failed on the fields: (`email`)
                                    at ri.handleRequestError (/codebuild/output/src697704362/src/ChoreChart/web/src/generated/prisma/runtime/library.js:124:7459)
                                    at ri.handleAndLogRequestError (/codebuild/output/src697704362/src/ChoreChart/web/src/generated/prisma/runtime/library.js:124:6784)
                                    at ri.request (/codebuild/output/src697704362/src/ChoreChart/web/src/generated/prisma/runtime/library.js:124:6491)
                                    at async l (/codebuild/output/src697704362/src/ChoreChart/web/src/generated/prisma/runtime/library.js:133:9812)
                                    at seedDemoUsers (/codebuild/output/src697704362/src/ChoreChart/web/scripts/seed-demo-users.ts:44:24) {
                                    code: 'P2002',
                                    meta: { modelName: 'User', target: [ 'email' ] },
                                    clientVersion: '6.12.0'
                                    }
2025-07-22T19:31:51.447Z [WARNING]: PrismaClientKnownRequestError:
                                    Invalid `prisma.user.create()` invocation in
                                    /codebuild/output/src697704362/src/ChoreChart/web/scripts/seed-demo-users.ts:44:42
                                    41 const hashedPassword = await bcrypt.hash('password', 12)
                                    42
                                    43 // Create parent user
                                    ‚Üí 44 const parentUser = await prisma.user.create(
                                    Unique constraint failed on the fields: (`email`)
                                    at ri.handleRequestError (/codebuild/output/src697704362/src/ChoreChart/web/src/generated/prisma/runtime/library.js:124:7459)
                                    at ri.handleAndLogRequestError (/codebuild/output/src697704362/src/ChoreChart/web/src/generated/prisma/runtime/library.js:124:6784)
                                    at ri.request (/codebuild/output/src697704362/src/ChoreChart/web/src/generated/prisma/runtime/library.js:124:6491)
                                    at async l (/codebuild/output/src697704362/src/ChoreChart/web/src/generated/prisma/runtime/library.js:133:9812)
                                    at seedDemoUsers (/codebuild/output/src697704362/src/ChoreChart/web/scripts/seed-demo-users.ts:44:24) {
                                    code: 'P2002',
                                    meta: { modelName: 'User', target: [ 'email' ] },
                                    clientVersion: '6.12.0'
                                    }
2025-07-22T19:31:51.472Z [INFO]: Demo data already exists or seeding failed - continuing...
2025-07-22T19:31:51.472Z [INFO]: # Executing command: echo "Running family membership migration..."
                                 Running family membership migration...
                                 # Executing command: npx tsx scripts/migrate-to-multiple-families.ts || echo "Family membership migration failed or already done - continuing..."
2025-07-22T19:31:52.260Z [INFO]: üöÄ Starting migration to multiple families support...
2025-07-22T19:31:52.561Z [INFO]: üìä Found 5 users to migrate
2025-07-22T19:31:52.634Z [INFO]: ‚è≠Ô∏è  Skipping parent@demo.com - already has membership
2025-07-22T19:31:52.708Z [INFO]: ‚è≠Ô∏è  Skipping child@demo.com - already has membership
2025-07-22T19:31:52.780Z [INFO]: ‚è≠Ô∏è  Skipping gbu2011@icloud.com - already has membership
2025-07-22T19:31:52.853Z [INFO]: ‚è≠Ô∏è  Skipping coparent@demo.com - already has membership
2025-07-22T19:31:52.930Z [INFO]: ‚è≠Ô∏è  Skipping noahwproctor@icloud.com - already has membership
2025-07-22T19:31:53.077Z [INFO]: üìã Updated 47 families with new settings
2025-07-22T19:31:53.077Z [INFO]: üéâ Migration completed successfully!
                                 ‚úÖ Migrated: 0 users
                                 ‚è≠Ô∏è  Skipped: 5 users
                                 üè† Updated: 47 families
                                 üìã Next steps:
                                 1. Test the new family membership features
                                 2. Update frontend to use the new family context
                                 3. Consider enabling cross-family features as needed
2025-07-22T19:31:53.078Z [INFO]: üé≠ Creating demo data for multiple families...
2025-07-22T19:31:53.289Z [INFO]: ‚úÖ Created demo family: The Johnson Co-Parents
2025-07-22T19:31:53.442Z [INFO]: ‚úÖ Added child@demo.com to co-parent family
2025-07-22T19:31:53.533Z [WARNING]: ‚ùå Demo data creation failed: PrismaClientKnownRequestError:
                                    Invalid `prisma.user.create()` invocation in
                                    /codebuild/output/src697704362/src/ChoreChart/web/scripts/migrate-to-multiple-families.ts:173:40
                                    170 }
                                    171
                                    172 // Create a second parent for the co-parent family
                                    ‚Üí 173 const coParent = await prisma.user.create(
                                    Unique constraint failed on the fields: (`email`)
                                    at ri.handleRequestError (/codebuild/output/src697704362/src/ChoreChart/web/src/generated/prisma/runtime/library.js:124:7459)
                                    at ri.handleAndLogRequestError (/codebuild/output/src697704362/src/ChoreChart/web/src/generated/prisma/runtime/library.js:124:6784)
                                    at ri.request (/codebuild/output/src697704362/src/ChoreChart/web/src/generated/prisma/runtime/library.js:124:6491)
                                    at async l (/codebuild/output/src697704362/src/ChoreChart/web/src/generated/prisma/runtime/library.js:133:9812)
                                    at createDemoMultiFamilyData (/codebuild/output/src697704362/src/ChoreChart/web/scripts/migrate-to-multiple-families.ts:173:22)
                                    at main (/codebuild/output/src697704362/src/ChoreChart/web/scripts/migrate-to-multiple-families.ts:216:3) {
                                    code: 'P2002',
                                    meta: { modelName: 'User', target: [ 'email' ] },
                                    clientVersion: '6.12.0'
                                    }
2025-07-22T19:31:53.552Z [INFO]: # Completed phase: preBuild
                                 # Starting phase: build
                                 # Executing command: echo "Building the Next.js application..."
2025-07-22T19:31:53.553Z [INFO]: Building the Next.js application...
                                 # Executing command: npm run build
2025-07-22T19:31:53.718Z [INFO]: > web@0.1.0 build
                                 > next build
2025-07-22T19:31:54.455Z [INFO]: ‚ö† No build cache found. Please configure build caching for faster rebuilds. Read more: https://nextjs.org/docs/messages/no-cache
2025-07-22T19:31:54.461Z [INFO]: Attention: Next.js now collects completely anonymous telemetry regarding usage.
2025-07-22T19:31:54.461Z [INFO]: This information is used to shape Next.js' roadmap and prioritize features.
                                 You can learn more, including how to opt-out if you'd not like to participate in this anonymous program, by visiting the following URL:
                                 https://nextjs.org/telemetry
2025-07-22T19:31:54.573Z [INFO]: ‚ñ≤ Next.js 15.3.4
2025-07-22T19:31:54.573Z [INFO]: 
2025-07-22T19:31:54.612Z [INFO]: Creating an optimized production build ...
2025-07-22T19:32:12.367Z [INFO]: ‚úì Compiled successfully in 14.0s
2025-07-22T19:32:12.375Z [INFO]: Skipping linting
                                 Checking validity of types ...
2025-07-22T19:32:20.990Z [WARNING]: Failed to compile.
2025-07-22T19:32:20.996Z [WARNING]: ./scripts/diagnose-dashboard-issue.ts:189:62
                                    Type error: 'error' is of type 'unknown'.
                                    [0m [90m 187 |[39m         }[0m
                                    [0m [90m 188 |[39m       } [36mcatch[39m (error) {[0m
                                    [0m[31m[1m>[22m[39m[90m 189 |[39m         console[33m.[39mlog([32m`   ‚ùå Dashboard would fail with error: ${error.message}`[39m)[0m
                                    [0m [90m     |[39m                                                              [31m[1m^[22m[39m[0m
                                    [0m [90m 190 |[39m       }[0m
                                    [0m [90m 191 |[39m     }[0m
                                    [0m [90m 192 |[39m[0m
2025-07-22T19:32:21.021Z [WARNING]: Next.js build worker exited with code: 1 and signal: null
2025-07-22T19:32:21.034Z [WARNING]: npm error Lifecycle script `build` failed with error:
2025-07-22T19:32:21.035Z [WARNING]: npm error code 1
2025-07-22T19:32:21.035Z [WARNING]: npm error path /codebuild/output/src697704362/src/ChoreChart/web
                                    npm error workspace web@0.1.0
2025-07-22T19:32:21.036Z [WARNING]: npm error location /codebuild/output/src697704362/src/ChoreChart/web
                                    npm error command failed
                                    npm error command sh -c next build
2025-07-22T19:32:21.092Z [ERROR]: !!! Build failed
2025-07-22T19:32:21.092Z [INFO]: Please read more about Amplify Hosting's support for SSR frameworks to find if your build failure is related to an unsupported feature: https://docs.aws.amazon.com/amplify/latest/userguide/amplify-ssr-framework-support.html. You may also find this troubleshooting guide useful: https://docs.aws.amazon.com/amplify/latest/userguide/troubleshooting-ssr-deployment.html
2025-07-22T19:32:21.093Z [ERROR]: !!! Error: Command failed with exit code 1
2025-07-22T19:32:21.093Z [INFO]: # Starting environment caching...
2025-07-22T19:32:21.093Z [INFO]: # Environment caching completed

